<?xml version="1.0" encoding="UTF-8"?>
<wurzel>
    <section number="B.">
        <title>Unentgeltliche Vermögensübertragung gegen Versorgungsleistungen</title>
        <p>
            <span class="randziffer">1</span>Versorgungsleistungen  
            
            <footnote id="F5">
                <p>BFH-Beschluß vom 5.7.1990 GrS 4-6/89, BStBl. II 1990 S. 847 = DB 1990 S. 2196.</p>
            </footnote>.
            
        </p>
        <p>Nach der Entscheidung des GrS des BFH vom 5.7.1990 GrS 4-6/89 
            
            <footnote id="F6">
                <p>BStBl. II 1990 S. 847 (851) = DB 1990 S. 2196, Abschn. C. II. 1.</p>
            </footnote> zur vorweggenommenen
            
        </p>
        <section number="I.">
            <title>Vermögensübergabe</title>
            <section number="1.">
                <title>Begriff der Vermögensübergabe</title>
                <p>
                    <span class="randziffer">2</span>Vermögensübergabe ist die 
                    
                    <footnote id="F7">
                        <p>BFH-Beschluß vom 15.7.1991 GrS 1/90</p>
                    </footnote>.
                    
                </p>
                <test>ok</test>
            </section>
        </section>
        <p>
            <span class="randziffer">3</span>Versorgungsleistungen  
            
            <footnote id="F5">
                <p>BFH-Beschluß vom 5.7.1990 GrS 4-6/89, BStBl. II 1990 S. 847 = DB 1990 S. 2196.</p>
            </footnote>.
            
        </p>
    </section>
    <bla>123</bla>
    <blub>abc</blub>
    <section number="a)">
        <title>Abfindungszahlungen</title>
        <p>
            <span class="randziffer">4</span>Setzen sich die Mitevor.
        </p>
        <p>Beispiel 1:</p>
        <figure>
            <file src="890078A0.PNG" height="156" width="431"/>
        </figure>
        <p>
            <span class="randziffer">5</span>Soweit eine Abfindungsichsteht.
        </p>
        <p>Beispiel 2: Wie 25000 DM unter sich verteilen.</p>
        <p>Die Anschaffungskosn B von 100000 Daus dem Nachlaß von 25000 DM).</p>
    </section>
    <section number="okokok.">
        <title>Abgrenzung zu voll entgeltlichen Geschäften</title>
        <p>
            <span class="randziffer">6</span>Nach dem Willen der Beteiligt
            
        </p>
        <section number="1.">
            <title>Versorgungsleistungen nur bei wenigstens teilunentgeltlicher Zuwendung</title>
            <p>Rdn. 4 Satz 1, die losgelöst von dem Kontext, in dem sie sich befindet, nicht ohne weiteres verständlich ist, wurde wörtlich dem Beschluß des GrS vom 5.7.1990 
                
                <footnote id="F13">
                    <p>A.a.O. (Fn. 5), BStBl. II 1990 S. 851 = DB 1990 S. 2196, Abschn. C. II. 1. a), 3. Abs.</p>
                </footnote> entnommen und ist unter Zuhilfenahme seines Kontextes so zu verstehen, daß dann 
                
                <i>Versorgungsleistungen</i> gegeben sein können, wen
                
            </p>
        </section>
    </section>
</wurzel>