<?xml version="1.0" encoding="UTF-8"?>
<wurzel>
    <section number="B.">
        <title>Unentgeltliche Vermögensübertragung gegen Versorgungsleistungen</title>
        <p>
            <span class="randziffer">1</span>Versorgungsleistungen  
            
            <footnote id="F5">
                <p>BFH-Beschluß vom 5.7.1990 GrS 4-6/89, BStBl. II 1990 S. 847 = DB 1990 S. 2196.</p>
            </footnote>.
            
        </p>
        <p>Nach der Entscheidung des GrS des BFH vom 5.7.1990 GrS 4-6/89 
            
            <footnote id="F6">
                <p>BStBl. II 1990 S. 847 (851) = DB 1990 S. 2196, Abschn. C. II. 1.</p>
            </footnote> zur vorweggenommenen
            
        </p>
        <section number="I.">
            <title>Vermögensübergabe</title>
            <section number="1.">
                <title>Begriff der Vermögensübergabe</title>
                <p>
                    <span class="randziffer">2</span>Vermögensübergabe ist die 
                    
                    <footnote id="F7">
                        <p>BFH-Beschluß vom 15.7.1991 GrS 1/90</p>
                    </footnote>.
                    
                </p>
                <test>ok</test>
            </section>
        </section>
        <p>
            <span class="randziffer">3</span>Versorgungsleistungen  
            
            <footnote id="F5">
                <p>BFH-Beschluß vom 5.7.1990 GrS 4-6/89, BStBl. II 1990 S. 847 = DB 1990 S. 2196.</p>
            </footnote>.
            
        </p>
    </section>
    <bla>123</bla>
    <blub>abc</blub>
    <section number="a)">
        <title>Abfindungszahlungen</title>
        <p>
            <span class="randziffer">4</span>Setzen sich die Mitevor.
        </p>
        <p>Beispiel 1:</p>
        <figure>
            <file src="890078A0.PNG" height="156" width="431"/>
        </figure>
        <p>
            <span class="randziffer">5.</span>Soweit eine Abfindungsichsteht.
        </p>
        <p>Beispiel 2: Wie 25000 DM unter sich verteilen.</p>
        <p>Die Anschaffungskosn B von 100000 Daus dem Nachlaß von 25000 DM).</p>
    </section>
    <section number="okokok.">
        <title>Abgrenzung zu voll entgeltlichen Geschäften</title>
        <p>
            <span class="randziffer">1</span>Nach dem Willen der Beteiligt
            
        </p>
        <section number="1.">
            <title>Versorgungsleistungen nur bei wenigstens teilunentgeltlicher Zuwendung</title>
            <p>Rdn. 4 Satz 1, die losgelöst von dem Kontext, in dem sie sich befindet, nicht ohne weiteres verständlich ist, wurde wörtlich dem Beschluß des GrS vom 5.7.1990 
                
                <footnote id="F13">
                    <p>A.a.O. (Fn. 5), BStBl. II 1990 S. 851 = DB 1990 S. 2196, Abschn. C. II. 1. a), 3. Abs.</p>
                </footnote> entnommen und ist unter Zuhilfenahme seines Kontextes so zu verstehen, daß dann 
                
                <i>Versorgungsleistungen</i> gegeben sein können, wen
                
            </p>
        </section>
        <section>
            <title>Aus dem Sachverhalt: </title>
            <p>In dem Verwaltungsverfahren</p>
            <p>1. CVH Chemie-Vertrieb GmbH &amp; Co. KG (...)</p>
            <p>2. Brenntag Germany Holding GmbH (...)</p>
            <p>3. CG Chemikalien GmbH &amp; Co. Holding KG (...)</p>
            <p>hat die 3. Beschlussabteilung des BKartA am 12. 11. 2012 gem. §§ 1, 32 Abs. 1 und Abs. 2, 48, 50 GWB und Art. 101 AEUV beschlossen:</p>
            <p>
                <b>1. Es wird festgestellt, dass die Durchführung des Gesellschaftsvertrags der Beteiligten zu 1., deren Gesellschafter die Beteiligten zu 2. und 3. sind, gegen § 1 GWB und Art. 101 AEUV verstößt.</b>
            </p>
            <p>
                <b>2. Die Durchführung des Gesellschaftsvertrags der Beteiligten zu 1. wird untersagt. Sie ist spätestens bis zum [...] zu beenden. [...]</b>
                <newpage pagenumber="400" pagenumber_alt="DE-V 1916"/>
            </p>
            <p>ZUSAMMENFASSUNG</p>
            <p>Die CVH Chemie ist ein Gemeinschaftsunternehmen, das zu einer Koordinierung des Marktverhaltens und somit zu einer gegen § 1 GWB und Art. 101 AEUV verstoßenden Beschränkung des Wettbewerbs zwischen seinen Muttergesellschaften – der Brenntag Germany Holding GmbH und der CG Chemikalien GmbH &amp; Co. Holding KG – führt. Die Durchführung des Gesellschaftsvertrags der CVH Chemie, deren Gesellschafter zu 49% die CG Chemikalien und zu 51% die Brenntag sind, wobei beide Muttergesellschaften die gemeinsame Kontrolle über das Gemeinschaftsunternehmen ausüben, ist daher zu untersagen.</p>
            <p>Die CVH Chemie, die Brenntag-Gruppe und die CG Chemikalien-Gruppe sind Chemikalienhändler, die alle sowohl im Bereich des Strecken- und Lagergeschäfts mit Basischemikalien als auch im Handel mit Spezialchemikalien tätig sind. Das Gemeinschaftsunternehmen und seine Muttergesellschaften sind hierbei jeweils auf denselben sachlichen und räumlichen Märkten tätig und erzielen auf den Regionalmärkten für (1) das Streckengeschäft mit Basischemikalien, (2) das Lagergeschäft mit Basischemikalien und (3) das Spezialitätengeschäft gemeinsame Marktanteile von mindestens 25% bis knapp 70%. Die genaue sachliche und räumliche Marktabgrenzung kann im vorliegenden Fall jedoch offen gelassen werden, weil selbst bei der Annahme eines nationalen Marktes für einen den Chemikalienhandel mit Basis- und Spezialchemikalien umfassenden Gesamtmarkt, die beteiligten Unternehmen einen Marktanteil von [30-40%] erreichen und damit die Grenze der Spürbarkeit der Wettbewerbsbeschränkung deutlich überschritten ist. Eine Verhaltenskoordinierung zwischen den Muttergesellschaften Brenntag und CG Chemikalien ist im vorliegenden Fall auch wirtschaftlich zweckmäßig und kaufmännisch vernünftig. Weder für die Muttergesellschaften noch für das Gemeinschaftsunternehmen sind aktive Wettbewerbshandlungen zu Lasten der übrigen an dem Gemeinschaftsunternehmen Beteiligten sinnvoll. Dies ergibt sich aus der grundsätzlichen wirtschaftlichen Interessenlage der beteiligten Unternehmen und aus den gesellschaftsvertraglichen Regelungen, welche die Muttergesellschaften u.a. zur Rücksichtnahme verpflichten und ihnen weitreichende Informationsrechte zugestehen.</p>
            <p>Der mit der Durchführung des Gesellschaftsvertrags der CVH Chemie verbundene Verstoß gegen § 1 GWB und Art. 101 AEUV erfüllt auch nicht die Freistellungsvoraussetzungen des § 2 GWB und Art. 101 Abs. 3 AEUV.</p>
            <p>GRÜNDE</p>
            <p>
                <b>A.</b> SACHVERHALT
            </p>
            <p>
                <b>I.</b> Gegenstand der CVH Chemie-Vertrieb GmbH &amp; Co. KG (Beteiligte zu 1.)
            </p>
            <p>
                <span class="randziffer">1.</span>Gegenstand der CVH Chemie-Vertrieb GmbH &amp; Co. KG („CVH Chemie“) ist der Handel mit Basis- und Spezialchemikalien sowie die Übernahme der in diesem Rahmen anfallenden Dienstleistungen. Die meisten Kunden der CVH Chemie sind gewerblich tätige Endverbraucher. Zu einem geringen Teil vertreibt CVH Chemie ihre Produkte auch an andere Chemikalienhändler. CVH Chemie ist deutschlandweit tätig, wobei ihr Tätigkeitsschwerpunkt in Nord und Ostdeutschland liegt.
            </p>
            <p>
                <span class="randziffer">2.</span>Ursprünglich war CVH Chemie eine von der Rechtsvorgängerin der Beteiligten zu 3. allein kontrollierte Tochtergesellschaft. Der Erwerb von 51% der Anteile an der CVH Chemie durch die Brenntag AG, Mülheim an der Ruhr, – zu deren Tochtergesellschaften die Beteiligte zu 2. gehört – ist 1996 vom BKartA fusionsrechtlich nach §§ 35 ff. GWB geprüft und nicht untersagt worden (Az. B3-25/96).
            </p>
            <p>
                <span class="randziffer">3.</span>CVH Chemie betreibt zwei Verkaufsbüros in Hannover und Hamburg. Sie verfügt nach eigenen Angaben über mehrere angemietete Lagerflächen für den Handel mit Spezialchemikalien. [...].
            </p>
            <p>
                <span class="randziffer">4.</span>CVH Chemie hält jeweils 100% der Anteile an der CVB Albert Carl GmbH &amp; Co. KG Berlin („CVB Berlin“) und an der CVM Chemie-Vertrieb Magdeburg GmbH &amp; Co. KG („CVM Magdeburg“), die – wie die CVH Chemie – im Handel mit Basis- und Spezialchemikalien tätig sind sowie damit im Zusammenhang stehende Dienstleistungen erbringen. CVB Berlin unterhält ein Verkaufsbüro in Berlin [...]. CVM Magdeburg unterhält ein Verkaufsbüro und ein eigenes Lager in Schönebeck. Komplementärin der CVB Berlin und der CVM Magdeburg ist jeweils die CVP Chemie-Vertrieb Berlin GmbH, deren Anteile zu 100% von CVH Chemie gehalten werden. 
                <newpage pagenumber="401" pagenumber_alt="DE-V 1917"/>
            </p>
            <p>
                <span class="randziffer">5.</span>[...].
            </p>
            <p>
                <span class="randziffer">6.</span>Im Jahr 2008 erzielten CVH Chemie und die oben genannten mit CVH Chemie i. S. des § 36 Abs. 2 GWB verbundenen Unternehmen (zusammen „CVH-Gruppe“) weltweit Umsätze i.H.v. ca. [...]. € – wobei der Umsatzschwerpunkt mit ca. [...]. € im Chemikalienhandel in Deutschland lag. Im Jahr 2011 betrug der Umsatz der CVH-Gruppe im Chemikalienhandel ca. [...]. €.
            </p>
            <p>
                <b>II.</b> Die Gesellschafter der CVH Chemie
            </p>
        </section>
    </section>
</wurzel>